2026-06-13 17:37:18.603 | 
2026-06-13 17:37:18.603 | > @do-nft/backend@0.1.0 docker:dev
2026-06-13 17:37:18.603 | > prisma generate && prisma db push && tsx watch src/server.ts
2026-06-13 17:37:18.603 | 
2026-06-13 17:37:18.913 | Prisma schema loaded from prisma/schema.prisma
2026-06-13 17:37:19.383 | 
2026-06-13 17:37:19.383 | ✔ Generated Prisma Client (v5.22.0) to ./../node_modules/@prisma/client in 161ms
2026-06-13 17:37:19.383 | 
2026-06-13 17:37:19.383 | Start by importing your Prisma Client (See: https://pris.ly/d/importing-client)
2026-06-13 17:37:19.383 | 
2026-06-13 17:37:19.383 | Tip: Easily identify and fix slow SQL queries in your app. Optimize helps you enhance your visibility: https://pris.ly/--optimize
2026-06-13 17:37:19.383 | 
2026-06-13 17:37:19.926 | Prisma schema loaded from prisma/schema.prisma
2026-06-13 17:37:19.929 | Datasource "db": PostgreSQL database "do_nft", schema "public" at "postgres:5432"
2026-06-13 17:37:20.023 | 
2026-06-13 17:37:20.023 | The database is already in sync with the Prisma schema.
2026-06-13 17:37:20.023 | 
2026-06-13 17:37:20.024 | Running generate... (Use --skip-generate to skip the generators)
2026-06-13 17:37:20.211 | Running generate... - Prisma Client
2026-06-13 17:37:20.308 | ✔ Generated Prisma Client (v5.22.0) to ./../node_modules/@prisma/client in 96ms
2026-06-13 17:37:20.308 | 
2026-06-13 17:37:20.322 | ┌─────────────────────────────────────────────────────────┐
2026-06-13 17:37:20.322 | │  Update available 5.22.0 -> 7.8.0                       │
2026-06-13 17:37:20.322 | │                                                         │
2026-06-13 17:37:20.322 | │  This is a major update - please follow the guide at    │
2026-06-13 17:37:20.322 | │  https://pris.ly/d/major-version-upgrade                │
2026-06-13 17:37:20.322 | │                                                         │
2026-06-13 17:37:20.322 | │  Run the following to update                            │
2026-06-13 17:37:20.322 | │    npm i --save-dev prisma@latest                       │
2026-06-13 17:37:20.322 | │    npm i @prisma/client@latest                          │
2026-06-13 17:37:20.322 | └─────────────────────────────────────────────────────────┘
2026-06-13 17:37:22.132 | Backend listening on port 4000
2026-06-13 17:37:26.458 | POST /api/auth/login 200 125.930 ms - 3180
2026-06-13 17:37:26.512 | GET /api/dashboard/summary 304 27.832 ms - -
2026-06-13 17:37:26.517 | GET /api/dashboard/summary 304 4.023 ms - -
2026-06-13 17:37:30.053 | GET /api/collections 304 8.691 ms - -
2026-06-13 17:37:30.060 | GET /api/collections 304 5.127 ms - -
2026-06-13 17:37:31.254 | GET /api/collections/cmq9nq53b0003gvaljna63wq4 304 6.347 ms - -
2026-06-13 17:37:31.259 | GET /api/collections/cmq9nq53b0003gvaljna63wq4 304 4.353 ms - -
2026-06-13 17:37:36.061 | POST /api/collections/cmq9nq53b0003gvaljna63wq4/deploy-contract 200 3249.243 ms - 2108
2026-06-13 17:37:36.069 | GET /api/collections/cmq9nq53b0003gvaljna63wq4 200 3.812 ms - 5282
2026-06-13 17:38:22.671 | GET /api/collections 200 18.841 ms - 5284
2026-06-13 17:38:22.673 | GET /api/nfts/templates 200 13.179 ms - 1454
2026-06-13 17:38:22.676 | GET /api/nfts 200 7.527 ms - 22529
2026-06-13 17:38:22.680 | GET /api/collections 304 2.818 ms - -
2026-06-13 17:38:22.681 | GET /api/nfts/templates 304 5.396 ms - -
2026-06-13 17:38:22.685 | GET /api/nfts 304 4.062 ms - -
2026-06-13 17:38:28.650 | POST /api/nfts 201 12.700 ms - 2964
2026-06-13 17:38:36.056 | GET /api/collections 200 4.768 ms - 6111
2026-06-13 17:38:36.057 | GET /api/nfts 200 4.288 ms - 25494
2026-06-13 17:38:36.061 | GET /api/collections 304 3.119 ms - -
2026-06-13 17:38:36.063 | GET /api/nfts 304 3.357 ms - -
2026-06-13 17:38:45.802 | [POST /api/collections/cmq9nq53b0003gvaljna63wq4/publish] AppError: Every NFT in the collection must have an image before publishing. Missing: Untitled NFT
2026-06-13 17:38:45.802 |     at CollectionsService.publish (/app/backend/src/modules/collections/collections.service.ts:135:13)
2026-06-13 17:38:45.802 |     at async publish (/app/backend/src/modules/collections/collections.controller.ts:43:20) {
2026-06-13 17:38:45.802 |   statusCode: 400,
2026-06-13 17:38:45.802 |   details: undefined
2026-06-13 17:38:45.802 | }
2026-06-13 17:38:45.803 | POST /api/collections/cmq9nq53b0003gvaljna63wq4/publish 400 20.625 ms - 101
2026-06-13 17:38:59.246 | GET /api/collections 304 5.355 ms - -
2026-06-13 17:38:59.252 | GET /api/collections 304 4.356 ms - -
2026-06-13 17:39:01.291 | GET /api/collections/cmq9nq53b0003gvaljna63wq4 200 6.412 ms - 6109
2026-06-13 17:39:01.298 | GET /api/collections/cmq9nq53b0003gvaljna63wq4 304 4.571 ms - -
2026-06-13 17:39:05.792 | GET /api/nfts/cmq9nmjey0001gval6bs08xf2 200 7.828 ms - 5767
2026-06-13 17:39:05.809 | GET /api/nfts/cmq9nmjey0001gval6bs08xf2 304 13.497 ms - -
2026-06-13 17:39:12.720 | POST /api/nfts/cmq9nmjey0001gval6bs08xf2/list 200 1690.841 ms - 6173
2026-06-13 17:39:12.733 | GET /api/nfts/cmq9nmjey0001gval6bs08xf2 200 4.406 ms - 5962
2026-06-13 17:39:17.009 | POST /api/nfts/cmq9nmjey0001gval6bs08xf2/ipfs 200 2046.296 ms - 5972
2026-06-13 17:39:17.014 | GET /api/nfts/cmq9nmjey0001gval6bs08xf2 200 2.195 ms - 5972
2026-06-13 17:39:26.963 | GET /api/collections 200 8.537 ms - 6316
2026-06-13 17:39:26.968 | GET /api/nfts 200 11.579 ms - 25699
2026-06-13 17:39:26.971 | GET /api/collections 304 4.539 ms - -
2026-06-13 17:39:26.977 | GET /api/nfts 304 5.766 ms - -
2026-06-13 17:39:29.040 | GET /api/nfts/cmq9nmjey0001gval6bs08xf2 304 7.533 ms - -
2026-06-13 17:39:30.719 | POST /api/nfts/cmq9nmjey0001gval6bs08xf2/list 200 1675.407 ms - 6173
2026-06-13 17:39:30.729 | GET /api/collections 200 4.814 ms - 6306
2026-06-13 17:39:30.731 | GET /api/nfts 200 4.302 ms - 25689